<?xml version="1.0" encoding="UTF-8"?>
<!-- Generated by org.testng.reporters.JUnitXMLReporter -->
<testsuite hostname="DESKTOP-J288E5V" ignored="0" name="Default test" tests="3" failures="0" timestamp="26 Aug 2018 17:50:56 GMT" time="77.714" errors="0">
  <testcase name="verifyContactsTab" time="1.985" classname="com.crm.qa.testcases.HomePageTest"/>
  <testcase name="verifyHomePageTitle" time="0.101" classname="com.crm.qa.testcases.HomePageTest"/>
  <testcase name="verifyUserName" time="0.231" classname="com.crm.qa.testcases.HomePageTest"/>
</testsuite> <!-- Default test -->
