<?xml version="1.0" encoding="UTF-8"?>
<!-- Generated by org.testng.reporters.JUnitXMLReporter -->
<testsuite hostname="DESKTOP-J288E5V" ignored="0" name="Sanity" tests="3" failures="0" timestamp="24 Aug 2018 01:01:30 GMT" time="37.34" errors="0">
  <testcase name="verifyContactsTab" time="1.1" classname="com.crm.qa.testcases.HomePageTest"/>
  <testcase name="verifyHomePageTitle" time="0.098" classname="com.crm.qa.testcases.HomePageTest"/>
  <testcase name="verifyUserName" time="0.238" classname="com.crm.qa.testcases.HomePageTest"/>
</testsuite> <!-- Sanity -->
