<?xml version="1.0" encoding="UTF-8"?>
<!-- Generated by org.testng.reporters.JUnitXMLReporter -->
<testsuite hostname="DESKTOP-J288E5V" ignored="1" name="Free CRM APP test" tests="11" failures="0" timestamp="26 Aug 2018 14:45:05 GMT" time="197.825" errors="0">
  <testcase name="crmLogoImgTest" time="0.082" classname="com.crm.qa.testcases.LoginPageTest"/>
  <testcase name="loginPageTitleTest" time="0.016" classname="com.crm.qa.testcases.LoginPageTest"/>
  <testcase name="loginTest" time="7.587" classname="com.crm.qa.testcases.LoginPageTest"/>
  <testcase name="verifyContactsTab" time="1.065" classname="com.crm.qa.testcases.HomePageTest"/>
  <testcase name="verifyHomePageTitle" time="0.195" classname="com.crm.qa.testcases.HomePageTest"/>
  <testcase name="verifyUserName" time="0.217" classname="com.crm.qa.testcases.HomePageTest"/>
  <testcase name="verifyContactsPageLabel" time="0.075" classname="com.crm.qa.testcases.ContactsPageTest"/>
  <testcase name="validateCreateNewContact" time="4.966" classname="com.crm.qa.testcases.ContactsPageTest"/>
  <testcase name="validateCreateNewContact" time="5.562" classname="com.crm.qa.testcases.ContactsPageTest"/>
  <testcase name="validateCreateNewContact" time="4.739" classname="com.crm.qa.testcases.ContactsPageTest"/>
  <testcase name="validateCreateNewContact" time="5.137" classname="com.crm.qa.testcases.ContactsPageTest"/>
  <testcase name="selectContactsTest" time="0.0" classname="com.crm.qa.testcases.ContactsPageTest">
    <ignored/>
  </testcase> <!-- selectContactsTest -->
</testsuite> <!-- Free CRM APP test -->
