<?xml version="1.0" encoding="UTF-8"?>
<testng-results skipped="0" failed="0" ignored="0" total="3" passed="3">
  <reporter-output>
  </reporter-output>
  <suite name="Default suite" duration-ms="77714" started-at="2018-08-26T17:49:38Z" finished-at="2018-08-26T17:50:56Z">
    <groups>
    </groups>
    <test name="Default test" duration-ms="77714" started-at="2018-08-26T17:49:38Z" finished-at="2018-08-26T17:50:56Z">
      <class name="com.crm.qa.testcases.HomePageTest">
        <test-method status="PASS" signature="setUp()[pri:0, instance:com.crm.qa.testcases.HomePageTest@77cd7a0]" name="setUp" is-config="true" duration-ms="26306" started-at="2018-08-26T17:49:38Z" finished-at="2018-08-26T17:50:05Z">
          <reporter-output>
          </reporter-output>
        </test-method> <!-- setUp -->
        <test-method status="PASS" signature="verifyContactsTab()[pri:0, instance:com.crm.qa.testcases.HomePageTest@77cd7a0]" name="verifyContactsTab" duration-ms="1985" started-at="2018-08-26T17:50:05Z" finished-at="2018-08-26T17:50:07Z">
          <reporter-output>
          </reporter-output>
        </test-method> <!-- verifyContactsTab -->
        <test-method status="PASS" signature="tearDown()[pri:0, instance:com.crm.qa.testcases.HomePageTest@77cd7a0]" name="tearDown" is-config="true" duration-ms="825" started-at="2018-08-26T17:50:07Z" finished-at="2018-08-26T17:50:07Z">
          <reporter-output>
          </reporter-output>
        </test-method> <!-- tearDown -->
        <test-method status="PASS" signature="setUp()[pri:0, instance:com.crm.qa.testcases.HomePageTest@77cd7a0]" name="setUp" is-config="true" duration-ms="17703" started-at="2018-08-26T17:50:07Z" finished-at="2018-08-26T17:50:25Z">
          <reporter-output>
          </reporter-output>
        </test-method> <!-- setUp -->
        <test-method status="PASS" signature="verifyHomePageTitle()[pri:0, instance:com.crm.qa.testcases.HomePageTest@77cd7a0]" name="verifyHomePageTitle" duration-ms="101" started-at="2018-08-26T17:50:25Z" finished-at="2018-08-26T17:50:25Z">
          <reporter-output>
          </reporter-output>
        </test-method> <!-- verifyHomePageTitle -->
        <test-method status="PASS" signature="tearDown()[pri:0, instance:com.crm.qa.testcases.HomePageTest@77cd7a0]" name="tearDown" is-config="true" duration-ms="782" started-at="2018-08-26T17:50:25Z" finished-at="2018-08-26T17:50:26Z">
          <reporter-output>
          </reporter-output>
        </test-method> <!-- tearDown -->
        <test-method status="PASS" signature="setUp()[pri:0, instance:com.crm.qa.testcases.HomePageTest@77cd7a0]" name="setUp" is-config="true" duration-ms="28995" started-at="2018-08-26T17:50:26Z" finished-at="2018-08-26T17:50:55Z">
          <reporter-output>
          </reporter-output>
        </test-method> <!-- setUp -->
        <test-method status="PASS" signature="verifyUserName()[pri:0, instance:com.crm.qa.testcases.HomePageTest@77cd7a0]" name="verifyUserName" duration-ms="231" started-at="2018-08-26T17:50:55Z" finished-at="2018-08-26T17:50:55Z">
          <reporter-output>
          </reporter-output>
        </test-method> <!-- verifyUserName -->
        <test-method status="PASS" signature="tearDown()[pri:0, instance:com.crm.qa.testcases.HomePageTest@77cd7a0]" name="tearDown" is-config="true" duration-ms="749" started-at="2018-08-26T17:50:55Z" finished-at="2018-08-26T17:50:56Z">
          <reporter-output>
          </reporter-output>
        </test-method> <!-- tearDown -->
      </class> <!-- com.crm.qa.testcases.HomePageTest -->
    </test> <!-- Default test -->
  </suite> <!-- Default suite -->
</testng-results>
