<?xml version="1.0" encoding="UTF-8"?>
<!-- Generated by org.testng.reporters.JUnitXMLReporter -->
<testsuite hostname="DESKTOP-J288E5V" ignored="1" name="Free CRM APP test" tests="11" failures="0" timestamp="26 Aug 2018 18:02:42 GMT" time="230.59" errors="0">
  <testcase name="crmLogoImgTest" time="0.11" classname="com.crm.qa.testcases.LoginPageTest"/>
  <testcase name="loginPageTitleTest" time="0.06" classname="com.crm.qa.testcases.LoginPageTest"/>
  <testcase name="loginTest" time="8.299" classname="com.crm.qa.testcases.LoginPageTest"/>
  <testcase name="verifyContactsTab" time="1.408" classname="com.crm.qa.testcases.HomePageTest"/>
  <testcase name="verifyHomePageTitle" time="0.113" classname="com.crm.qa.testcases.HomePageTest"/>
  <testcase name="verifyUserName" time="0.272" classname="com.crm.qa.testcases.HomePageTest"/>
  <testcase name="verifyContactsPageLabel" time="0.128" classname="com.crm.qa.testcases.ContactsPageTest"/>
  <testcase name="validateCreateNewContact" time="5.088" classname="com.crm.qa.testcases.ContactsPageTest"/>
  <testcase name="validateCreateNewContact" time="5.888" classname="com.crm.qa.testcases.ContactsPageTest"/>
  <testcase name="validateCreateNewContact" time="4.88" classname="com.crm.qa.testcases.ContactsPageTest"/>
  <testcase name="validateCreateNewContact" time="4.78" classname="com.crm.qa.testcases.ContactsPageTest"/>
  <testcase name="selectContactsTest" time="0.0" classname="com.crm.qa.testcases.ContactsPageTest">
    <ignored/>
  </testcase> <!-- selectContactsTest -->
</testsuite> <!-- Free CRM APP test -->
